<?xml version="1.0" encoding="utf-8"?>

<beans xmlns="http://www.springframework.org/schema/beans"
       xmlns:xsi="http://www.w3.org/2001/XMLSchema-instance"
       xmlns:context="http://www.springframework.org/schema/context"
       xsi:schemaLocation="http://www.springframework.org/schema/beans
	http://www.springframework.org/schema/beans/spring-beans.xsd
	http://www.springframework.org/schema/context 
	http://www.springframework.org/schema/context/spring-context.xsd">

    <context:component-scan base-package="com.jvv.openapi.service"/>

    <import resource="classpath:spring/webservice-test.xml"/>

    <bean id="propertyConfigurerForService"
          class="com.jvv.openapi.common.util.ExtendPropertyPlaceholderConfigurer">
        <property name="order" value="1"/>
        <property name="ignoreUnresolvablePlaceholders" value="true"/>
        <!--<property name="location" value="classpath:jdbc-${spring.profiles.active}.properties"/>-->
        <property name="locations">
            <list>
                <value>classpath:webservice.properties</value>
            </list>
        </property>
    </bean>
</beans>
